    1  passwd
    2  $ wget    https://s3.amazonaws.com/amazon-reviews-pds/tsv/amazon_reviews_us_Books_v1_02.tsv.gz
    3  echo "me"
    4  echo me
    5  pwd
    6  echo `pwd`
    7  echo 'pwd'
    8  echo "pwd"
    9  `pwd`
   10  "pwd"
   11  echo $HOME
   12  echo $home
   13  echo `pwd`
   14  echo "pwd"
   15  $man
   16  man
   17  man ps
   18  man ls
   19  a = abc
   20  a = 'abc'
   21  a='abc'
   22  a
   23  echo a
   24  echo `a`
   25  $a
   26  echo $a
   27  b=$adef
   28  echo $b
   29  b=${a}def
   30  echo $b
   31  echo $ab
   32  echo ${ab}
   33  echo ${a}b
   34  echo $a$b
   35  man tar
   36  mkdir CS185C
   37  ls
   38  /CS185C
   39  CS185C
   40  cd CS185C
   41  mkdir ws
   42  cd ws
   43  mkdir ws1
   44  ws1
   45  cd ws1
   46  git init
   47  history
   48  cmds.log
   49  cd cmds.log
   50  history > cmds.log
   51  ls
   52  git add .
   53  git status
   54  git commit -m "Uploaded cmd log file"
   55  git status
   56  git config --global user.email "hoai-nam.phung@sjsu.edu"
   57  git commit -m "Uploaded cmd log file"
   58  git config --global user.name "Hoai-Nam Phung"
   59  git commit -m "Uploaded cmd log file"
   60  git remote add origin "https://github.com/HoaiNamPhung/ws1.git"
   61  git push -u origin main
   62  git status
   63  git log
   64  git branch -m master main
   65  git push -u origin main
   66  https://github.blog/2020-12-15-token-authentication-requirements-for-git-operations/ for more information.
   67  git push -u origin main
   68  git status
   69  git log
   70  git push origin main
   71  ls
   72  git clone https://github.com/HoaiNamPhung/ws1
   73  git status
   74  ls
   75  git rm ws1
   76  ls
   77  rm ws1
   78  rm -rf ws1
   79  ls
   80  1) My home directory is ~. I used "cd" with no target directory, which changes your directory to the home directory by default.
   81  2) My UID is 1001. I used "id".
   82  3) I belong to the grounp "phung". I used "groups", but it was also visible through "id".
   83  4) I cannot create files or cd into it. I can "ls" and "ls -l" to read it.
   84  5) You can "mv" a directory. You can only "cp" a directory if you use the -r flag to get "cp -r".
   85  6) "cpuinfo" and "meminfo" contain information about our cpu and memory, respectively.
   86  7) I have 4,049,408 kB memory on my server.
   87  8) My server has 79 processors, with the POWERS architecture name. The processor speed is 4.190 GHz.
   88  9) The GB size of the uncompressed Amazon customer reviews is 4GB (or 3.239 GB if block size is set to MB).
   89  10) Using "grep -ic", I got 857172 results for case-insensitive "great" within the Amazon customer reviews .tsv file.
   90  less a1.txt
   91  head a1.txt
   92  vi a1.txt
   93  1) My home directory is ~. I used "cd" with no target directory, which changes your directory to the home directory by default.
   94  2) My UID is 1001. I used "id".
   95  3) I belong to the grounp "phung". I used "groups", but it was also visible through "id".
   96  4) I cannot create files or cd into it. I can "ls" and "ls -l" to read it.
   97  5) You can "mv" a directory. You can only "cp" a directory if you use the -r flag to get "cp -r".
   98  6) "cpuinfo" and "meminfo" contain information about our cpu and memory, respectively.
   99  7) I have 4,049,408 kB memory on my server.
  100  8) My server has 79 processors, with the POWERS architecture name. The processor speed is 4.190 GHz.
  101  9) The GB size of the uncompressed Amazon customer reviews is 4GB (or 3.239 GB if block size is set to MB).
  102  My
  103  1) My home directory is ~. I used "cd" with no target directory, which changes your directory to the home directory by default.
  104  2) My UID is 1001. I used "id".
  105  3) I belong to the grounp "phung". I used "groups", but it was also visible through "id".
  106  4) I cannot create files or cd into it. I can "ls" and "ls -l" to read it.
  107  5) You can "mv" a directory. You can only "cp" a directory if you use the -r flag to get "cp -r".
  108  6) "cpuinfo" and "meminfo" contain information about our cpu and memory, respectively.
  109  7) I have 4,049,408 kB memory on my server.
  110  8) My server has 79 processors, with the POWERS architecture name. The processor speed is 4.190 GHz.
  111  9) The GB size of the uncompressed Amazon customer reviews is 4GB (or 3.239 GB if block size is set to MB).
  112  10) Using "grep -ic", I got 857172 results for case-insensitive "great" within the Amazon customer reviews .tsv file.
  113  man tar
  114  tar -xf amazon_reviews_us_Books_v1_02.tsv.gz
  115  gunzip amazon_reviews_us_Books_v1_02.tsv.gz
  116  ls
  117  vi amazon_reviews_us_Books_v1_02.tsv
  118  man awk
  119  awk '$12 ~ /Y/' amazon_reviews_us_Books_v1_02.tsv
  120  awk '{print $12}' amazon_reviews_us_Books_v1_02.tsv
  121  awk '$12 ~ /Y/ {print $12}' amazon_reviews_us_Books_v1_02.tsv
  122  awk -F"\t" '$12 ~ /Y/ {print $12}' amazon_reviews_us_Books_v1_02.tsv > verified.txt
  123  ls
  124  vi verified.txt
  125  awk -F"\t" '$12 ~ /Y/ {print $0}' amazon_reviews_us_Books_v1_02.tsv > verified.txt
  126  vi verified.txt
  127  awk -F"\t" '$12 ~ /N/ {print $0}' amazon_reviews_us_Books_v1_02.tsv > unverified.txt
  128  vi unverified.txt
  129  vi verified.txt
  130  wc verified.txt
  131  wc verified.txt > counts.txt
  132  wc unverified.txt >>  counts.txt
  133  vi counts.txt
  134  history > cmds.log
  135  ls
  136  ls CS185C
  137  /
  138  ls
  139  ls CS185C/ws
  140  mv cmds.log  counts.txt  unverified.txt  verified.txt CS185C/ws/ws2
  141  mkdir CS185C/ws/ws2
  142  ls CS185C/ws/ws2
  143  ls CS185C
  144  mv cmds.log  counts.txt  unverified.txt  verified.txt CS185C/ws/ws2
  145  ls CS185C/ws/ws2
  146  mv amazon_reviews_us_Books_v1_02.tsv CS185C
  147  ls
  148  ls CS185C
  149  vi CS185C/ws/ws2/cmds.log
  150  history
  151  ls
  152  cd CS185C
  153  cd ws1
  154  ks
  155  ls
  156  cd ws
  157  cd ws1
  158  ls
  159  rm -rf ws1.git
  160  git rev-parse --is-inside-work-tree
  161  rm -rf ws1/.git
  162  git rev-parse --is-inside-work-tree
  163  cd
  164  ls
  165  cd CS185C
  166  ls
  167  git init
  168  git add .
  169  git rm --cached ws/ws1
  170  git rm -f --cached ws/ws1
  171  ls
  172  cd ws
  173  cd ws1
  174  git rev-parse --is-inside-work-tree
  175  cd
  176  git rev-parse --is-inside-work-tree
  177  cd CS185c
  178  cd CS185C
  179  git rev-parse --is-inside-work-tree
  180  cd ws2
  181  cd ws
  182  git rev-parse --is-inside-work-tree
  183  cd
  184  cd CS185C
  185  git commit -m "Finished worksheet 2."
  186  git status
  187  git remote add origin "https://github.com/HoaiNamPhung/CS185C-CL-Programming"
  188  git push -u origin main
  189  git branch -M main
  190  git push -u origin main
  191  git push -uf origin main
  192  mv amazon_reviews_us_Books_v1_02.tsv ~
  193  ls
  194  cd
  195  ls
  196  cd CS185C
  197  git status
  198  git add .
  199  cd ws/ws1
  200  ls
  201  mv cmds.log
  202  mv cmds.log ~
  203  cd ~
  204  ls
  205  mv CS185C/ws
  206  ls CS185C/ws
  207  rm ws1
  208  cd CS185C/ws
  209  rm ws1
  210  rm -r ws1
  211  ls
  212  cd ws1
  213  ls
  214  cd
  215  cd CS185C/ws
  216  rmdir -rf ws1
  217  rmdir -f ws1
  218  rmdir ws1
  219  rm -rf ws1
  220  ls
  221  mkdir ws1
  222  ~
  223  cd
  224  mv cmds.log CS185C/ws/ws1
  225  cd CS185C/ws
  226  ls
  227  cd ws1
  228  ls
  229  cd
  230  cd CS185C
  231  git add .
  232  git commit "Updated repo to contain all CS185C work."
  233  git commit -m "Updated repo to contain all CS185C work."
  234  git push -u origin main
  235  git push -uf origin main
  236  git status
  237  git add .
  238  git status
  239  git log
  240  git push -uf origin main
  241  git push -u origin main
  242  git remote add origin "https://github.com/HoaiNamPhung/CS185C-CL-Programming.git"
  243  git push -u origin main
  244  ls
  245  cd ws
  246  cd ws/ws1
  247  cd ws1
  248  ls
  249  cd
  250  cd cs185C/ws/ws2
  251  cd CS185C/ws/ws2
  252  ls
  253  ls -l --block-size=M
  254  cd ~/CS185C
  255  cd ws/ws2
  256  ls -l --block-size=MB
  257  cd ~/CS185C
  258  ls -l --block-size=MB
  259  cd ws
  260  ls -l --block-size=MB
  261  cd
  262  ls -l --block-size=MB
  263  ls
  264  mkdir cool
  265  ls
  266  mv cool CS185C
  267  ls
  268  cd CS185C
  269  cd cool
  270  touch joe.txt
  271  cd ~/CS185C
  272  ls
  273  mv ws ~
  274  ls
  275  mv cool ~
  276  ls
  277  cd ~
  278  mv ws CS185C
  279  ls
  280  id -u username
  281  id
  282  whoami
  283  groups
  284  ls
  285  rm cool
  286  rmdir cool
  287  rmdir -f cool
  288  cd cool
  289  ls
  290  rm joe.txt
  291  cd
  292  rmdir -f cool
  293  rmdir cool
  294  ls
  295  mkdir temp
  296  man chmod
  297  chmod -x temp
  298  ls -l temp
  299  ls
  300  cd temp
  301  ls temp
  302  ls -l temp
  303  ls -l --block-size=MB temp
  304  touch temp/cool
  305  man cp
  306  rm temp
  307  rmdir temp
  308  ls
  309  cp temp temp
  310  ls
  311  mkdir temp
  312  cp temp temp
  313  cp temp CS185C
  314  ls
  315  ls CS185C
  316  cp -r temp temp
  317  cd /proc
  318  ls
  319  cd meminfo
  320  meminfo
  321  cd /meminfo
  322  ls meminfo
  323  ls meminfo/meminfo
  324  cat meminfo
  325  cat cpuinfo
  326  cd ~
  327  cd /proc
  328  head meminfo
  329  tail meminfo
  330  tail cpuinfo
  331  cd ~
  332  ls
  333  ls -l
  334  ls -l --block-size=MB
  335  ls -l --block-size=GB
  336  grep amazon_reviews_us_Books_v1_02.tsv
  337  grep great amazon_reviews_us_Books_v1_02.tsv 
  338  grep -ic great amazon_reviews_us_Books_v1_02.tsv 
  339  ls
  340  rmdir temp
  341  cd temp
  342  ls
  343  rmdir temp
  344  ~
  345  cd 
  346  rmdir temp
  347  ls
  348  cd CS185C
  349  ls
  350  mkdir assignments
  351  ls
  352  cd assignments
  353  mkdir a1
  354  cd a1
  355  script a1.txt
  356  rm a1.txt
  357  ls
  358  script a1.txt
  359  rm a1.txt
  360  ls
  361  script a1.txt
  362  less a1.txt
  363  vi a1.txt
  364  ls
  365  vi a1.txt
  366  less a1.txt
  367  ls
  368  CS185C
  369  cd CS185C/ws
  370  ls
  371  cd ws2
  372  ls
  373  gzip unverified.txt
  374  ls
  375  gzip verified.txt
  376  ls
  377  vi verified.txt.gz
  378  ls -l
  379  ls -l --block-size=MB
  380  rm unverified.txt.gz
  381  rm verified.txt.gz
  382  ls
  383  cd
  384  cd CS185C/ws
  385  ls
  386  cd
  387  cd CS185C
  388  ls
  389  git add .
  390  git commit -m "Added assignment 1."
  391  git push -u origin main
  392  ;s
  393  ls -l --block-size=MB
  394  cd assignments/a1
  395  ls -l --block-size=MB
  396  cd
  397  cd CS185C/ws/ws1
  398  ls
  399  ls -l --block-size=MB
  400  cd ..
  401  cd ws2
  402  ls -l --block-size=MB
  403  cd
  404  ls
  405  ls -l --block-size=MB
  406  cd CS185C
  407  git gc
  408  ls
  409  cd ws/ws2
  410  ls
  411  cd --
  412  cd CS185C
  413  git status
  414  git push -u origin main
  415  git push -u --verbose  origin main
  416  git config
  417  rm -rf .git
  418  ls
  419  ls -a
  420  cd
  421  ls -a
  422  cd .gitconfig
  423  cd CS185C
  424  cd ws/ws1
  425  ls -a
  426  cd .
  427  cd ..
  428  cd ws2
  429  ls -a
  430  cd ...
  431  cd ..
  432  ls
  433  git add .
  434  git init
  435  git remote add origin "https://github.com/HoaiNamPhung/CS185C-CL-Programming"
  436  git remote add origin https://github.com/HoaiNamPhung/CS185C-CL-Programming
  437  rm -rf .git
  438  git init
  439  git remote add origin https://github.com/HoaiNamPhung/CS185C-CL-Programming
  440  git add README.md
  441  git add .
  442  git commit -m "Added ws1, ws2, a1."
  443  git branch -M main
  444  git push -u origin main
  445  git status
  446  cd assignments/a1
  447  ls
  448  ls -a
  449  rm .a1.txt.swp
  450  ls -a
  451  git add .a
  452  git add .
  453  cd ..
  454  git add .
  455  git status
  456  git commit -m "Removed unnecessary files."
  457  git push -u origin main
  458  cd
  459  mkdir test
  460  cd test
  461  ls
  462  git clone 
  463  git clone https://github.com/HoaiNamPhung/CS185C-CL-Programming/tree/main/ws/ws2
  464  git clone https://github.com/HoaiNamPhung/CS185C-CL-Programming
  465  ls
  466  rm CS185C-CL-Programming
  467  man rm
  468  rm -f CS185C-CL-Programming
  469  rmdir -f CS185C-CL-Programming
  470  rmdir CS185C-CL-Programming
  471  rmdir man
  472  man rmdir
  473  rm -rf CS185C-CL-Programming
  474  ls
  475  man git clone --filter
  476  git clone --filter https://github.com/HoaiNamPhung/CS185C-CL-Programming/tree/main/assignments/a1
  477  cd
  478  rm test
  479  rmdir test
  480  ls
  481  cd CS185C
  482  rm -rf .git
  483  ls
  484  ls -a
  485  cd assignments/a1
  486  git init
  487  git add remote origin https://github.com/HoaiNamPhung/CS185C-a1.git
  488  git remote add origin https://github.com/HoaiNamPhung/CS185C-a1.git
  489  git add .
  490  git commit -m "Done."
  491  git branch -M main
  492  git push -u origin main
  493  cd ..
  494  cd ws/ws1
  495  git init
  496  git add .
  497  git commit -m "Done."
  498  git remote add origin https://github.com/HoaiNamPhung/CS185C-ws1.git
  499  git branch -M main
  500  git push -u origin main
  501  cd ..
  502  cd ws2
  503  git init
  504  git remote add origin https://github.com/HoaiNamPhung/CS185C-ws2.git
  505  git commit -m "Done."
  506  git add.
  507  git add .
  508  git commit -m "Done."
  509  git branch -M main
  510  git push -u origin main
  511  cd
  512  git clone https://github.com/HoaiNamPhung/CS185C-ws2/cmds.log
  513  git clone https://github.com/HoaiNamPhung/CS185C-ws2
  514  ls
  515  rm -rf CS185C-ws2
  516  ls
  517  cd CS185C
  518  ls
  519  cd assignments
  520  ls
  521  vi a1
  522  cd
  523  ls
  524  cd CS185C/assignments
  525  cd
  526  ls
  527  cd CS185C/assignments/a1
  528  ls
  529  vi a1.txt
  530  /home
  531  cd /home
  532  ls
  533  cd instr1
  534  ls
  535  cd
  536  ls
  537  cd /home
  538  cd phung
  539  ls
  540  head phung
  541  /home
  542  cd /etc
  543  ls
  544  cd /etc/passwd
  545  cd /passwd
  546  cd passwd
  547  ls
  548  cd passwd
  549  cat passwd
  550  cd
  551  cd CS185C/assignments/a1
  552  ls
  553  vi a1.txt
  554  cd ..
  555  git add .
  556  git commit -m "Fixed 1, 2, and 3."
  557  ls
  558  cd a1
  559  git add .
  560  git commit -m "Fixed 1, 2, and 3."
  561  git push -u origin main
  562  ls
  563  cd ..
  564  ls ws
  565  cd ws
  566  mkdir ws2
  567  mkdir ws3
  568  mkdir ws4
  569  cd ws3
  570  cd
  571  lss
  572  ls
  573  head amazon_reviews_us_Books_v1_02.tsv
  574  sort -k 2 amazon_reviews_us_Books_v1_02.tsv
  575  mkdir CUSTOMERS
  576  mkdir PRODUCTS
  577  ls
  578  amazon_reviews_us_Books_v1_02.tsv
  579  head amazon_reviews_us_Books_v1_02.tsv
  580  awk -F"\t" '$12 ~ /12076615/ {print $9}' amazon_reviews_us_Books_v1_02.tsv > CUSTOMERS/12076615.txt
  581  ls
  582  cd CUSTOMERS
  583  ls
  584  head 12076615.txt
  585  vi 12076615.txt
  586  awk -F"\t" '$2 ~ /12076615/ {print $9}' amazon_reviews_us_Books_v1_02.tsv > CUSTOMERS/12076615.txt
  587  cd ..
  588  awk -F"\t" '$2 ~ /12076615/ {print $9}' amazon_reviews_us_Books_v1_02.tsv > CUSTOMERS/12076615.txt
  589  ls CUSTOMERS
  590  cd CUSTOMERS
  591  head 12076615.txt
  592  awk -F"\t" '$2 ~ /29732693/ {print $9}' amazon_reviews_us_Books_v1_02.tsv > CUSTOMERS/29732693.txt
  593  cd ..
  594  awk -F"\t" '$2 ~ /29732693/ {print $9}' amazon_reviews_us_Books_v1_02.tsv > CUSTOMERS/29732693.txt
  595  awk -F"\t" '$2 ~ /53000124/ {print $9}' amazon_reviews_us_Books_v1_02.tsv > CUSTOMERS/53000124.txt
  596  awk -F"\t" '$4 ~ /53000124/ {print $9}' amazon_reviews_us_Books_v1_02.tsv > PRODUCTS/53000124.txt
  597  awk -F"\t" '$4 ~ /0300108834/ {print $9}' amazon_reviews_us_Books_v1_02.tsv > PRODUCTS/0300108834.txt
  598  awk -F"\t" '$4 ~ /1581603681/ {print $9}' amazon_reviews_us_Books_v1_02.tsv > PRODUCTS/1581603681.txt
  599  awk -F"\t" '$4 ~ /0805076069/ {print $9}' amazon_reviews_us_Books_v1_02.tsv > PRODUCTS/0805076069.txt
  600  ls
  601  cd PRODUCTS
  602  ls
  603  rm 53000124.txt
  604  ls
  605  head 1581603681.txt
  606  cd ..
  607  ls CUSTOMERS
  608  head 53000124.txt
  609  cd CUSTOMERS
  610  head 53000124.txt
  611  cd ..
  612  ls
  613  cd CUSTOMERS/
  614  ls
  615  man bc
  616  bc
  617  for score in *.txt do ; :q
  618  cd ..
  619  ls
  620  cut -d ',' -f 2,9 amazon_reviews_us_Books_v1_02.tsv > topcustomers.txt
  621  head topcustomers.txt
  622  rm topcustomers.txt
  623  cut -d '	' -f 2,9 amazon_reviews_us_Books_v1_02.tsv | sort -kr 1 | head 
  624  cut -d '	' -f 2,9 amazon_reviews_us_Books_v1_02.tsv | sort -k 1 -t '	' -nr | uniq -c |  head 
  625  cut -d '	' -f 2,9 amazon_reviews_us_Books_v1_02.tsv | sort -k 2 -t '	' -nr | uniq -c |  head 
  626  cut -d '	' -f 2,9 amazon_reviews_us_Books_v1_02.tsv | head
  627  cut -d '	' -f 2,9 amazon_reviews_us_Books_v1_02.tsv | sort -k 2 -t '	' -nr | head
  628  cut -d '	' -f 2,9 amazon_reviews_us_Books_v1_02.tsv | uniq -c |  head 
  629  cut -d '	' -f 6,9 amazon_reviews_us_Books_v1_02.tsv | sort -k 2 -t '	' -nr | uniq -c |  head 
  630  cut -d '	' -f 2 amazon_reviews_us_Books_v1_02.tsv | uniq -c | sort -nr |  head 
  631  cut -d '	' -f 6 amazon_reviews_us_Books_v1_02.tsv | uniq -c | sort -nr | head 
  632  cut -d '	' -f 6 amazon_reviews_us_Books_v1_02.tsv | uniq -c | sort -n | head 
  633  cut -d '	' -f 6 amazon_reviews_us_Books_v1_02.tsv | sort | uniq -c | sort -nr | head 
  634  cut -d '	' -f 2 amazon_reviews_us_Books_v1_02.tsv
  635  cut -d '	' -f 9 amazon_reviews_us_Books_v1_02.tsv | sort | uniq -c | sort -nr | head 
  636  history > cmds.log
  637  ls
  638  script ws3.txt
  639  less ws3.txt
  640  rm ws3.txt
  641  script -I ws3.txt
  642  script --log-in  ws3.txt
  643  script --help
  644  script ws3.txt
  645  '1) The top 3 reviewers are 50122160, 50732546, and 52615377.'
  646  '
  647  'A helpfulness value of 0 appears 459924 times. A helpfulness value of 1 appears 408857 times. A helpfulness value of 2 appears 333718 times. This pattern of number of overall appearances decreasing as helpfulness value increases persists for every other following helpfulness value.'
  648  less ws3.txt
  649  ls
  650  vi ws3.txt
  651  head ws3.txt
  652  ls
  653  mv ws3.txt CS185C/ws/ws3
  654  ls
  655  mv CUSTOMERS CS185C/ws/ws4
  656  mv PRODUCTS CS185C/ws/ws4
  657  ls
  658  mv cmds.log CCS185C/ws/ws3
  659  mv cmds.log CS185C/ws/ws3
  660  ls
  661  cd CS185C/ws/ws3
  662  git init
  663  git remote add origin https://github.com/HoaiNamPhung/CS185C-ws3.git
  664  git add .
  665  git branch -M main
  666  git push -u origin main
  667  git status
  668  git commit -m "Finished ws3."
  669  git branch -M main
  670  git push -u origin main
  671  git status
  672  git log
  673  cd ..
  674  cd ws4
  675  git init
  676  git remote add origin https://github.com/HoaiNamPhung/CS185C-ws4.git
  677  cd ..
  678  cd ws3
  679  vi cmds.log
  680  head cmds.log
  681  git add .
  682  git commit -m "Removed irrelevant logs."
  683  git push -u origin main
  684  ls
  685  cd CS185C
  686  cd ws4
  687  cd ws
  688  cd ws4
  689  ls
  690  cd CUSTOMERS
  691  ls
  692  for i in 'cat 12076615.txt'; do total=$(echo $total+$i | bc); ((count++)); done
  693  cat 12076615.txt
  694  cat 29732693.txt
  695  cat 53000124.txt
  696  for i in 'cat 53000124.txt.txt'; do total=$(echo $total+$i | bc); ((count++)); done
  697  for i in 'cat 53000124.txt'; do total=$(echo $total+$i | bc); ((count++)); done
  698  cat 53000124.txt
  699  for i in 'cat 53000124.txt' ; do total=$(echo $total+$i | bc); ((count++)) ; done
  700  for i in 'cat 53000124.txt' ; do total=$(echo $total+$i | bc) ; ((count++)) ; done
  701  count=0; total=0;
  702  for i in 'cat 53000124.txt'; do total=$(echo $total+$i | bc); ((count++)); done
  703  for i in `cat 53000124.txt`; do total=$(echo $total+$i | bc); ((count++)); done
  704  echo $total
  705  $total
  706  echo $count
  707  echo $i
  708  echo $total
  709  cd CS185C/ws/ws4
  710  ls
  711  cd CUSTOMERS
  712  ls
  713  while read 12076615.txt; do echo "$12076615.txt"; done
  714  cat 12076615.txt | while read line; do echo $line; done
  715  cat 53000124.txt | while read line; do echo $line; done
  716  $i
  717  echo $i
  718  total; cat 53000124.txt | while read line; do total=$(echo $total+$line | bc); done
  719  total; cat 53000124.txt | while read line; do $total=$(echo $total+$line | bc); done
  720  echo $((1+1))
  721  pog=1
  722  champ=2
  723  echo $pog
  724  echo $((pog+champ))
  725  total; cat 53000124.txt | while read line; do $total=$(echo $((total+$line))); done
  726  total=0; cat 53000124.txt | while read line; do $total=$(echo $((total+$line))); done
  727  total=0; cat 53000124.txt | while read line; do total=$(echo $((total+$line))); done
  728  total; cat 53000124.txt | while read line; do total=$(echo $((total+$line))); done
  729  total=0; cat 53000124.txt | while read line; do total=$(echo $total+$line | bc); done
  730  total=0; cat 53000124.txt | while read line; do total=$($total+$line | bc); done; echo $total
  731  total=0; cat 53000124.txt | while read line; do total=$(echo $total+$line | bc); done; echo $total
  732  cat 53000124.txt | while read line; do total=$(echo $total+$line | bc); done; echo $total
  733  total=0; cat 53000124.txt | while read line; do total=$(echo $total+$line | bc); echo $total;  done;
  734  total=0; cat 53000124.txt | while read line; do total=$(echo $total+$line | bc); echo $total; done;
  735  cat 53000124.txt
  736  total=0; cat 53000124.txt | while read line; do total=$(($total+$line)); echo $total; done;
  737  total=0; i=0; cat 53000124.txt | while read line; do total=$(echo $total+$line | bc); (($i++)); echo $total/$i) | bc; done;
  738  total=0; i=0; cat 53000124.txt | while read line; do total=$(echo $total+$line | bc); (($i++)); echo $total/$i | bc; done;
  739  total=0; i=1; cat 53000124.txt | while read line; do total=$(echo $total+$line | bc); (($i++)); echo $total/$i | bc; done;
  740  total=0; i=1; cat 53000124.txt | while read line; do total=$(echo $total+$line | bc); i=$((i+1)); echo $total/$i | bc; done;
  741  total=0; i=1; cat 53000124.txt | while read line; do total=$(echo $total+$line | bc); $i=$((i+1)); echo $total/$i | bc; done;
  742  total=0; i=1; cat 53000124.txt | while read line; do total=$(echo $total+$line | bc); ${i}=$((i+1)); echo $total/$i | bc; done;
  743  total=0; i=1; cat 53000124.txt | while read line; do total=$(echo $total+$line | bc); i=$((i+1)); echo $total/$i | bc; done;
  744  cat 53000124.txt
  745  total=0; i=1; cat 53000124.txt | while read line; do total=$(echo $total+$line | bc); i=$((i+1)); done; echo $total/$i | bc
  746  total=0; i=1; cat 53000124.txt | while read line; do total=$(echo $total+$line | bc); i=$((i+1)); done; echo $i
  747  total=0; i=1; cat 53000124.txt | (while read line; do total=$(echo $total+$line | bc); i=$((i+1)); done; echo $i)
  748  total=0; i=1; cat 53000124.txt | (while read line; do total=$(echo $total+$line | bc); i=$((i+1)); done; echo $total/$i | bc)
  749  total=0; difftotal=0; i=1; cat 53000124.txt | (while read line; do total=$(echo $total+$line | bc); i=$((i+1)); done; echo $total/$i | bc)
  750  echo $total
  751  total=0; difftotal=0; i=1; cat 53000124.txt | (while read line; do total=$(echo $total+$line | bc); i=$((i+1)); done; echo $total/$i | bc)
  752  total=0; mean=0; difftotal=0; i=1; cat 53000124.txt | (while read line; do total=$(echo $total+$line | bc); i=$((i+1)); done; mean=$((total/i)) | bc; cat 53000124.txt | (while read line; do difftotal=$(echo $line-$mean | bc); done; echo 'mean: ' + $mean + ' variance: ' + (echo $difftotal/$i) | bc))
  753  total=0; mean=0; difftotal=0; variance=0; i=1; cat 53000124.txt | (while read line; do total=$(echo $total+$line | bc); i=$((i+1)); done; mean=$((total/i)) | bc; cat 53000124.txt | (while read line; do difftotal=$(echo $line-$mean | bc); done; variance=$((difftotal/i)) | bc; echo 'mean: ' + $mean + ' variance: ' + $variance))
  754  total=0; mean=0; difftotal=0; variance=0; i=1; cat 53000124.txt | (while read line; do total=$(echo $total+$line | bc); i=$((i+1)); done; mean=$((total/i)) | bc; cat 53000124.txt | (while read line; do difftotal=$(echo $line-$mean | bc); done; variance=$((difftotal/i)) | bc; echo $variance))
  755  total=0; mean=0; difftotal=0; variance=0; i=1; cat 53000124.txt | (while read line; do total=$(echo $total+$line | bc); i=$((i+1)); done; mean=$((total/i)) | bc; cat 53000124.txt | (while read line; do difftotal=$(echo $line-$mean | bc); done; variance=$((difftotal/i)) | bc; echo $mean))
  756  total=0; mean=0; difftotal=0; variance=0; i=1; cat 53000124.txt | (while read line; do total=$(echo $total+$line | bc); i=$((i+1)); done; mean=$((total/i | bc)); cat 53000124.txt | (while read line; do difftotal=$(echo $line-$mean | bc); done; variance=$((difftotal/i | bc)); echo $mean))
  757  total=0; mean=0; difftotal=0; variance=0; i=1; cat 53000124.txt | (while read line; do total=$(echo $total+$line | bc); i=$((i+1)); done; mean=$((total/i | bc)); cat 53000124.txt | (while read line; do difftotal=$(echo $line-$mean | bc); done; variance=$((difftotal/i | bc)); echo 'Mean:'+$mean+' Diff:'+$diff))
  758  total=0; mean=0; difftotal=0; variance=0; i=1; cat 53000124.txt | (while read line; do total=$(echo $total+$line | bc); i=$((i+1)); done; mean=$((total/i | bc)); cat 53000124.txt | (while read line; do difftotal=$(echo $line-$mean | bc); done; variance=$((difftotal/i | bc)); echo 'Mean:'+$mean+' Variance:'+$variance))
  759  total=0; mean=0; difftotal=0; variance=0; i=1; cat 53000124.txt | (while read line; do total=$(echo $total+$line | bc); i=$((i+1)); done; mean=$((total/i | bc)); cat 53000124.txt | (while read line; do difftotal=$(echo $line-$mean | bc); done; variance=$((difftotal/i | bc)); echo Mean: ${mean} Variance: ${variance}))
  760  total=0; mean=0; difftotal=0; variance=0; i=1; cat 53000124.txt | (while read line; do total=$(echo $total+$line | bc); i=$((i+1)); done; mean=$((total/i | bc)); cat 53000124.txt | (while read line; do difftotal=$(echo $line-$mean | bc); done; variance=$((difftotal/i | bc)); echo Mean:${mean} Variance:${variance}))
  761  total=0; mean=0; difftotal=0; variance=0; i=1; cat 53000124.txt | (while read line; do total=$(echo $total+$line | bc); i=$((i+1)); done; mean=$((total/i | bc)); cat 53000124.txt | (while read line; do difftotal=$(echo $line-$mean | bc); done; variance=$((difftotal/i | bc)); echo Mean:${mean} Variance:${i}))
  762  total=0; mean=0; difftotal=0; variance=0; i=1; cat 53000124.txt | (while read line; do total=$(echo $total+$line | bc); i=$((i+1)); done; mean=$((total/i | bc)); cat 53000124.txt | (while read line; do difftotal=$(echo $line-$mean | bc); done; variance=$((difftotal/i | bc)); echo Mean:${mean} Variance:${difftotal}))
  763  total=0; mean=0; difftotal=0; variance=0; i=1; cat 53000124.txt | (while read line; do total=$(echo $total+$line | bc); i=$((i+1)); done; mean=$((total/i | bc)); cat 53000124.txt | (while read line; do difftotal=$(echo $total+($line-$mean)^2 | bc); done; variance=$((difftotal/i | bc)); echo Mean:${mean} Variance:${variance}))
  764  total=0; mean=0; difftotal=0; variance=0; i=1; cat 53000124.txt | (while read line; do total=$(echo $total+$line | bc); i=$((i+1)); done; mean=$((total/i | bc)); cat 53000124.txt | (while read line; do difftotal=$(echo $total+($line-$mean)^2 | bc); echo $difftotal $variance;  done; variance=$((difftotal/i | bc)); echo Mean:${mean} Variance:${variance}))
  765  total=0; mean=0; difftotal=0; variance=0; i=1; cat 53000124.txt | (while read line; do total=$(echo $total+$line | bc); i=$((i+1)); done; mean=$((total/i | bc)); cat 53000124.txt | (while read line; do difftotal=$(echo $total+($line-$mean)^2 | bc); echo $difftotal;  done; variance=$((difftotal/i | bc)); echo Mean:${mean} Variance:${variance}))
  766  total=0; mean=0; difftotal=0; variance=0; i=1; cat 53000124.txt | (while read line; do total=$(echo $total+$line | bc); i=$(($i+1)); done; mean=$(($total/$i | bc)); cat 53000124.txt | (while read line; do difftotal=$(echo $total+($line-$mean)^2 | bc); echo $difftotal;  done; variance=$(($difftotal/$i | bc)); echo Mean:${mean} Variance:${variance}))
  767  total=0; mean=0; difftotal=0; variance=0; i=1; cat 53000124.txt | (while read line; do total=$(echo $total+$line | bc); i=$(($i+1)); done; mean=$(($total/$i | bc)); cat 53000124.txt | (while read line; do difftotal=$(echo $difftotal+($line-$mean)^2 | bc); echo $difftotal;  done; variance=$(($difftotal/$i | bc)); echo Mean:${mean} Variance:${variance}))
  768  ls
  769  total=0; mean=0; difftotal=0; variance=0; i=1; cat 53000124.txt | (while read line; do total=$(echo $total+$line | bc); i=$(($i+1)); done; mean=$(($total/$i | bc)); cat 53000124.txt | (while read line; do difftotal=$(echo $difftotal+($line-$mean)^2 | bc); echo $difftotal;  done; variance=$(($difftotal/$i | bc)); echo Mean:${mean} Variance:${variance}))
  770  file=53000124.txt; total=0; mean=0; difftotal=0; variance=0; i=1; cat file | (while read line; do total=$(echo $total+$line | bc); i=$(($i+1)); done; mean=$(($total/$i | bc)); cat file | (while read line; do difftotal=$(echo $difftotal+($line-$mean)^2 | bc); echo $difftotal;  done; variance=$(($difftotal/$i | bc)); echo Mean:${mean} Variance:${variance}))
  771  file=53000124.txt; total=0; mean=0; difftotal=0; variance=0; i=1; cat $file | (while read line; do total=$(echo $total+$line | bc); i=$(($i+1)); done; mean=$(($total/$i | bc)); cat $file | (while read line; do difftotal=$(echo $difftotal+($line-$mean)^2 | bc); echo $difftotal;  done; variance=$(($difftotal/$i | bc)); echo Mean:${mean} Variance:${variance}))
  772  file=29732693.txt; total=0; mean=0; difftotal=0; variance=0; i=1; cat $file | (while read line; do total=$(echo $total+$line | bc); i=$(($i+1)); done; mean=$(($total/$i | bc)); cat $file | (while read line; do difftotal=$(echo $difftotal+($line-$mean)^2 | bc); echo $difftotal;  done; variance=$(($difftotal/$i | bc)); echo Mean:${mean} Variance:${variance});  file=29732693.txt; total=0; mean=0; difftotal=0; variance=0; i=1; cat $file | (while read line; do total=$(echo $total+$line | bc); i=$(($i+1)); done; mean=$(($total/$i | bc)); cat $file | (while read line; do difftotal=$(echo $difftotal+($line-$mean)^2 | bc); echo $difftotal;  done; variance=$(($difftotal/$i | bc)); echo Mean:${mean} Variance:${variance}); 
  773  file=53000124.txt; total=0; mean=0; difftotal=0; variance=0; i=1; cat $file | (while read line; do total=$(echo $total+$line | bc); i=$(($i+1)); done; mean=$(($total/$i | bc)); cat $file | (while read line; do difftotal=$(echo $difftotal+($line-$mean)^2 | bc); echo $difftotal;  done; variance=$(($difftotal/$i | bc)); echo Mean:${mean} Variance:${variance}))
  774  file=29732693.txt; total=0; mean=0; difftotal=0; variance=0; i=1; cat $file | (while read line; do total=$(echo $total+$line | bc); i=$(($i+1)); done; mean=$(($total/$i | bc)); cat $file | (while read line; do difftotal=$(echo $difftotal+($line-$mean)^2 | bc); echo $difftotal;  done; variance=$(($difftotal/$i | bc)); echo Mean:${mean} Variance:${variance}))
  775  file=12076615.txt; total=0; mean=0; difftotal=0; variance=0; i=1; cat $file | (while read line; do total=$(echo $total+$line | bc); i=$(($i+1)); done; mean=$(($total/$i | bc)); cat $file | (while read line; do difftotal=$(echo $difftotal+($line-$mean)^2 | bc); echo $difftotal;  done; variance=$(($difftotal/$i | bc)); echo Mean:${mean} Variance:${variance}))
  776  file=12076615.txt; total=0; mean=0; difftotal=0; variance=0; i=1; cat $file | (while read line; do total=$(echo $total+$line | bc); i=$(($i+1)); done; mean=$(($total/$i | bc)); cat $file | (while read line; do difftotal=$(echo $difftotal+($line-$mean)^2 | bc); done; variance=$(($difftotal/$i | bc)); echo Mean:${mean} Variance:${variance}))
  777  file=29732693.txt; total=0; mean=0; difftotal=0; variance=0; i=1; cat $file | (while read line; do total=$(echo $total+$line | bc); i=$(($i+1)); done; mean=$(($total/$i | bc)); cat $file | (while read line; do difftotal=$(echo $difftotal+($line-$mean)^2 | bc); done; variance=$(($difftotal/$i | bc)); echo Mean:${mean} Variance:${variance}))
  778  file=53000124.txt; total=0; mean=0; difftotal=0; variance=0; i=1; cat $file | (while read line; do total=$(echo $total+$line | bc); i=$(($i+1)); done; mean=$(($total/$i | bc)); cat $file | (while read line; do difftotal=$(echo $difftotal+($line-$mean)^2 | bc); done; variance=$(($difftotal/$i | bc)); echo Mean:${mean} Variance:${variance}))
  779  cd ..
  780  cd PRODUCTS
  781  ls
  782  file=0300108834.txt; total=0; mean=0; difftotal=0; variance=0; i=1; cat $file | (while read line; do total=$(echo $total+$line | bc); i=$(($i+1)); done; mean=$(($total/$i | bc)); cat $file | (while read line; do difftotal=$(echo $difftotal+($line-$mean)^2 | bc); done; variance=$(($difftotal/$i | bc)); echo Mean:${mean} Variance:${variance}))
  783  file=0805076069.txt; total=0; mean=0; difftotal=0; variance=0; i=1; cat $file | (while read line; do total=$(echo $total+$line | bc); i=$(($i+1)); done; mean=$(($total/$i | bc)); cat $file | (while read line; do difftotal=$(echo $difftotal+($line-$mean)^2 | bc); done; variance=$(($difftotal/$i | bc)); echo Mean:${mean} Variance:${variance}))
  784  file=1581603681.txt; total=0; mean=0; difftotal=0; variance=0; i=1; cat $file | (while read line; do total=$(echo $total+$line | bc); i=$(($i+1)); done; mean=$(($total/$i | bc)); cat $file | (while read line; do difftotal=$(echo $difftotal+($line-$mean)^2 | bc); done; variance=$(($difftotal/$i | bc)); echo Mean:${mean} Variance:${variance}))
  785  cd ..
  786  history > cmds.log
